2025-01-13 03:15:06.890 [ERROR] [BlockScanner] Error processing block 45706515: {"error":{"message":"\nInvalid `dbClient.blocks.findUnique()` invocation in\n/Users/yemo/yemowithprivate/projects/wallet-services/blockchain-indexer/src/providers/dbPrismaProvider.ts:109:34\n\n  106   })\n  107 },\n  108 getBlockStatus: async (blockNumber: number): Promise<any> => {\n→ 109   return await dbClient.blocks.findUnique(\nCan't reach database server at `13.49.232.47:5432`\n\nPlease make sure your database server is running at `13.49.232.47:5432`.","stack":"PrismaClientInitializationError: \nInvalid `dbClient.blocks.findUnique()` invocation in\n/Users/yemo/yemowithprivate/projects/wallet-services/blockchain-indexer/src/providers/dbPrismaProvider.ts:109:34\n\n  106   })\n  107 },\n  108 getBlockStatus: async (blockNumber: number): Promise<any> => {\n→ 109   return await dbClient.blocks.findUnique(\nCan't reach database server at `13.49.232.47:5432`\n\nPlease make sure your database server is running at `13.49.232.47:5432`.\n    at Vn.handleRequestError (/Users/yemo/yemowithprivate/projects/wallet-services/blockchain-indexer/node_modules/@prisma/client/runtime/library.js:121:7640)\n    at Vn.handleAndLogRequestError (/Users/yemo/yemowithprivate/projects/wallet-services/blockchain-indexer/node_modules/@prisma/client/runtime/library.js:121:6663)\n    at Vn.request (/Users/yemo/yemowithprivate/projects/wallet-services/blockchain-indexer/node_modules/@prisma/client/runtime/library.js:121:6370)\n    at async l (/Users/yemo/yemowithprivate/projects/wallet-services/blockchain-indexer/node_modules/@prisma/client/runtime/library.js:130:9617)\n    at async Object.getBlockStatus (/Users/yemo/yemowithprivate/projects/wallet-services/blockchain-indexer/src/providers/dbPrismaProvider.ts:109:12)\n    at async BlockScanner.checkBlockStatus (/Users/yemo/yemowithprivate/projects/wallet-services/blockchain-indexer/src/tasks/blocks/helpers/blockScanner.ts:80:25)\n    at async /Users/yemo/yemowithprivate/projects/wallet-services/blockchain-indexer/src/tasks/blocks/helpers/blockScanner.ts:45:11\n    at async /Users/yemo/yemowithprivate/projects/wallet-services/blockchain-indexer/src/core/tasks/task.ts:7:20\n    at async measureExecutionTime (/Users/yemo/yemowithprivate/projects/wallet-services/blockchain-indexer/src/core/helpers/helpers.ts:42:18)\n    at async task (/Users/yemo/yemowithprivate/projects/wallet-services/blockchain-indexer/src/core/tasks/task.ts:6:20)"}}
2025-01-13 03:15:11.902 [ERROR] [BlockScanner] Failed to update block 45706515 status to FAILED: {"error":{"message":"\nInvalid `dbClient.blocks.upsert()` invocation in\n/Users/yemo/yemowithprivate/projects/wallet-services/blockchain-indexer/src/providers/dbPrismaProvider.ts:102:34\n\n   99   blockNumber: number,\n  100   status: BlockStatus,\n  101 ): Promise<any> => {\n→ 102   return await dbClient.blocks.upsert(\nCan't reach database server at `13.49.232.47:5432`\n\nPlease make sure your database server is running at `13.49.232.47:5432`.","stack":"PrismaClientInitializationError: \nInvalid `dbClient.blocks.upsert()` invocation in\n/Users/yemo/yemowithprivate/projects/wallet-services/blockchain-indexer/src/providers/dbPrismaProvider.ts:102:34\n\n   99   blockNumber: number,\n  100   status: BlockStatus,\n  101 ): Promise<any> => {\n→ 102   return await dbClient.blocks.upsert(\nCan't reach database server at `13.49.232.47:5432`\n\nPlease make sure your database server is running at `13.49.232.47:5432`.\n    at Vn.handleRequestError (/Users/yemo/yemowithprivate/projects/wallet-services/blockchain-indexer/node_modules/@prisma/client/runtime/library.js:121:7640)\n    at Vn.handleAndLogRequestError (/Users/yemo/yemowithprivate/projects/wallet-services/blockchain-indexer/node_modules/@prisma/client/runtime/library.js:121:6663)\n    at Vn.request (/Users/yemo/yemowithprivate/projects/wallet-services/blockchain-indexer/node_modules/@prisma/client/runtime/library.js:121:6370)\n    at async l (/Users/yemo/yemowithprivate/projects/wallet-services/blockchain-indexer/node_modules/@prisma/client/runtime/library.js:130:9617)\n    at async Object.updateBlockStatus (/Users/yemo/yemowithprivate/projects/wallet-services/blockchain-indexer/src/providers/dbPrismaProvider.ts:102:12)\n    at async BlockScanner.updateBlockStatus (/Users/yemo/yemowithprivate/projects/wallet-services/blockchain-indexer/src/tasks/blocks/helpers/blockScanner.ts:157:7)\n    at async BlockScanner.handleError (/Users/yemo/yemowithprivate/projects/wallet-services/blockchain-indexer/src/tasks/blocks/helpers/blockScanner.ts:172:5)\n    at async /Users/yemo/yemowithprivate/projects/wallet-services/blockchain-indexer/src/tasks/blocks/helpers/blockScanner.ts:66:11\n    at async /Users/yemo/yemowithprivate/projects/wallet-services/blockchain-indexer/src/core/tasks/task.ts:7:20\n    at async measureExecutionTime (/Users/yemo/yemowithprivate/projects/wallet-services/blockchain-indexer/src/core/helpers/helpers.ts:42:18)"}}
2025-01-13 03:15:30.162 [INFO] [BlockScanner] Scanning block 45706515 with 151 transactions 
2025-01-13 03:15:30.164 [DEBUG] [BlockScanner] Processing transaction 0x3106d1319cbb024e1aa80980286ede81475cae3be0f509fded0bc149d5659e5b 
2025-01-13 03:15:30.164 [DEBUG] [BlockScanner] Processing transaction 0x6d59ec7e18d70c782681ffd2089728e10d372af77df6080599a15c8540f98642 
2025-01-13 03:15:30.164 [DEBUG] [BlockScanner] Processing transaction 0xe444c652ec001d1e83992d1a6a7eeb3515f37e2cf612e7fb412f7958ca0bf6cb 
2025-01-13 03:15:30.164 [DEBUG] [BlockScanner] Processing transaction 0xa37ae993072c4dc90bed863b9e940fff95919e99d733572db3f56646aa04068e 
2025-01-13 03:15:30.165 [DEBUG] [BlockScanner] Processing transaction 0x0ec24b185267a3f862c3e8fe1286decf4ac514b648ccdc3e61670e452e4beaad 
2025-01-13 03:15:30.545 [INFO] [BlockScanner] Report created for transaction 0xe444c652ec001d1e83992d1a6a7eeb3515f37e2cf612e7fb412f7958ca0bf6cb with 1 token transfers 
2025-01-13 03:15:30.745 [DEBUG] [BlockScanner] Processing transaction 0x1286faac9f145e0dec4120371e41e56290124aac0e593897d19806ed5e3e9f1f 
2025-01-13 03:15:30.746 [DEBUG] [BlockScanner] Processing transaction 0xc6d2a4d6598951c44acc0b9af60860241b2f48404c41e35bcb2eb612bcd9e4d8 
2025-01-13 03:15:30.959 [INFO] [BlockScanner] Report created for transaction 0x6d59ec7e18d70c782681ffd2089728e10d372af77df6080599a15c8540f98642 with 2 token transfers 
2025-01-13 03:15:31.161 [DEBUG] [BlockScanner] Processing transaction 0x7b16f45f0d5ab324c2ace94b44441fd96bd0118d3dd5a0043a59ee5d5a67c5ec 
2025-01-13 03:15:31.386 [DEBUG] [BlockScanner] Processing transaction 0x6da4722866bc849bb2ff64271df3e7f41c6260a4a93ae2af779071814244fe51 
2025-01-13 03:15:31.451 [INFO] [BlockScanner] Report created for transaction 0x0ec24b185267a3f862c3e8fe1286decf4ac514b648ccdc3e61670e452e4beaad with 4 token transfers 
2025-01-13 03:15:31.482 [INFO] [BlockScanner] Report created for transaction 0xa37ae993072c4dc90bed863b9e940fff95919e99d733572db3f56646aa04068e with 4 token transfers 
2025-01-13 03:15:31.570 [INFO] [BlockScanner] Report created for transaction 0x1286faac9f145e0dec4120371e41e56290124aac0e593897d19806ed5e3e9f1f with 4 token transfers 
2025-01-13 03:15:31.623 [DEBUG] [BlockScanner] Processing transaction 0xf7d4207085752caa8c19631349fbcc9913040d4ae45460380998f612e1f89829 
2025-01-13 03:15:31.652 [DEBUG] [BlockScanner] Processing transaction 0xea0b2d7740ae8a5112f76eb5ce0daaed11abba335856605d14902bcdd9201ca5 
2025-01-13 03:15:31.685 [DEBUG] [BlockScanner] Processing transaction 0xb5b167d1bf577a522e6fc4ba4c720467f67864b84492f3d3805295ff0270e04e 
2025-01-13 03:15:31.772 [DEBUG] [BlockScanner] Processing transaction 0x20aae6040981abdbe9a0edcdb77a65478a6cbc714635b27caef716db94bd25b5 
2025-01-13 03:15:32.160 [INFO] [BlockScanner] Report created for transaction 0x6da4722866bc849bb2ff64271df3e7f41c6260a4a93ae2af779071814244fe51 with 2 token transfers 
2025-01-13 03:15:32.243 [DEBUG] [BlockScanner] Processing transaction 0x5f66fd370523b2674905839b833cf42d12573f6b031fda0eb8b2461cdc5c3fbe 
2025-01-13 03:15:32.332 [DEBUG] [BlockScanner] Processing transaction 0x1941da1d62a5ea204864f01445b91284f6da04145dc9e49fadec2817b8ba6771 
2025-01-13 03:15:32.338 [INFO] [BlockScanner] Report created for transaction 0xea0b2d7740ae8a5112f76eb5ce0daaed11abba335856605d14902bcdd9201ca5 with 8 token transfers 
2025-01-13 03:15:32.362 [DEBUG] [BlockScanner] Processing transaction 0xb2adc538b55a075810ac1e8217299eed8840e0cb1e4ee7bfc78daf09e7e769dc 
2025-01-13 03:15:32.385 [INFO] [BlockScanner] Report created for transaction 0xf7d4207085752caa8c19631349fbcc9913040d4ae45460380998f612e1f89829 with 4 token transfers 
2025-01-13 03:15:32.538 [DEBUG] [BlockScanner] Processing transaction 0x5800fde51bbabc408a19bc7f91c8b98d8a6d50e14c830a5d4e981bd6e8766e53 
2025-01-13 03:15:32.586 [DEBUG] [BlockScanner] Processing transaction 0x647d10ac7af32acdc7e0d70651e9555746baabc7b2a06898bc6bc8dc51c22a1d 
2025-01-13 03:15:32.715 [INFO] [BlockScanner] Report created for transaction 0x1941da1d62a5ea204864f01445b91284f6da04145dc9e49fadec2817b8ba6771 with 1 token transfers 
2025-01-13 03:15:32.916 [DEBUG] [BlockScanner] Processing transaction 0xfed0cfcee66d93e02385ae4cdcfb9b67b7ad92a9fa83eb89b3bc114e2b64f9e8 
2025-01-13 03:15:32.976 [INFO] [BlockScanner] Report created for transaction 0x647d10ac7af32acdc7e0d70651e9555746baabc7b2a06898bc6bc8dc51c22a1d with 1 token transfers 
2025-01-13 03:15:33.026 [INFO] [BlockScanner] Report created for transaction 0x5f66fd370523b2674905839b833cf42d12573f6b031fda0eb8b2461cdc5c3fbe with 2 token transfers 
2025-01-13 03:15:33.102 [INFO] [BlockScanner] Report created for transaction 0xb2adc538b55a075810ac1e8217299eed8840e0cb1e4ee7bfc78daf09e7e769dc with 2 token transfers 
2025-01-13 03:15:33.177 [DEBUG] [BlockScanner] Processing transaction 0x757fdbb615cd1bddafa73a22fbb89ee2590a27af1fb75a7ca27cd8114e024758 
2025-01-13 03:15:33.229 [DEBUG] [BlockScanner] Processing transaction 0x2f02894136b9914d80aa9c1bb4116ac6a9b4d3f05ed4b4e049f60f81220a2229 
2025-01-13 03:15:33.304 [DEBUG] [BlockScanner] Processing transaction 0x8d596ecf49115b0ffb45e08854d97cec4a0f4cebed6f6123d6b5c475fafee0fe 
2025-01-13 03:15:33.550 [INFO] [BlockScanner] Report created for transaction 0x757fdbb615cd1bddafa73a22fbb89ee2590a27af1fb75a7ca27cd8114e024758 with 1 token transfers 
2025-01-13 03:15:33.630 [INFO] [BlockScanner] Report created for transaction 0x2f02894136b9914d80aa9c1bb4116ac6a9b4d3f05ed4b4e049f60f81220a2229 with 1 token transfers 
2025-01-13 03:15:33.670 [INFO] [BlockScanner] Report created for transaction 0xfed0cfcee66d93e02385ae4cdcfb9b67b7ad92a9fa83eb89b3bc114e2b64f9e8 with 2 token transfers 
2025-01-13 03:15:33.752 [DEBUG] [BlockScanner] Processing transaction 0x8e6d72f8e6a1bb306265274dbf70da0ea8c2f9036a6259525daeffa8ca5d7fff 
2025-01-13 03:15:33.832 [DEBUG] [BlockScanner] Processing transaction 0x5faf899aec47f42a3078074d51d93df747e18f7168e897cac6ab5461f6114506 
2025-01-13 03:15:33.858 [INFO] [BlockScanner] Report created for transaction 0x5800fde51bbabc408a19bc7f91c8b98d8a6d50e14c830a5d4e981bd6e8766e53 with 2 token transfers 
2025-01-13 03:15:33.872 [DEBUG] [BlockScanner] Processing transaction 0xd58d20be4cd53b6d9b132e4c869bf51d9db14c84f3a0683c29b2350e700f0988 
2025-01-13 03:15:34.060 [DEBUG] [BlockScanner] Processing transaction 0xde169410945a4b09c1c509611c1767e95900f8dec5eaffd888e4227c184ba217 
2025-01-13 03:15:34.107 [INFO] [BlockScanner] Report created for transaction 0x8e6d72f8e6a1bb306265274dbf70da0ea8c2f9036a6259525daeffa8ca5d7fff with 1 token transfers 
2025-01-13 03:15:34.130 [INFO] [BlockScanner] Report created for transaction 0x8d596ecf49115b0ffb45e08854d97cec4a0f4cebed6f6123d6b5c475fafee0fe with 1 token transfers 
2025-01-13 03:15:34.240 [INFO] [BlockScanner] Report created for transaction 0x5faf899aec47f42a3078074d51d93df747e18f7168e897cac6ab5461f6114506 with 1 token transfers 
2025-01-13 03:15:34.282 [INFO] [BlockScanner] Report created for transaction 0xd58d20be4cd53b6d9b132e4c869bf51d9db14c84f3a0683c29b2350e700f0988 with 1 token transfers 
2025-01-13 03:15:34.309 [DEBUG] [BlockScanner] Processing transaction 0x97ba7602cb084ddf39b49e1744a5c339a2526e25dc10c2a17108cb489eec55bb 
2025-01-13 03:15:34.332 [DEBUG] [BlockScanner] Processing transaction 0xc2acb532f7c73e9ab0f9512ae5d6600fb1cb3c52a234fc09b1ad487b911b95c1 
2025-01-13 03:15:34.442 [DEBUG] [BlockScanner] Processing transaction 0xa4ec7245b07ae18cf8f67837a84e7eb9e938648d9dfcaa28db17f9659ce15f1a 
2025-01-13 03:15:34.483 [DEBUG] [BlockScanner] Processing transaction 0xec86ef19509e43a72b6dc16d79c97959d3ff6859c98c0b361cdc9ceed7d03fea 
2025-01-13 03:15:34.846 [INFO] [BlockScanner] Report created for transaction 0xde169410945a4b09c1c509611c1767e95900f8dec5eaffd888e4227c184ba217 with 2 token transfers 
2025-01-13 03:15:35.047 [DEBUG] [BlockScanner] Processing transaction 0xdf488bc6bf94128f2bf0e6e001bfcbaeed284a0f29327387e3d318d5ad42cf48 
2025-01-13 03:15:35.056 [INFO] [BlockScanner] Report created for transaction 0xc2acb532f7c73e9ab0f9512ae5d6600fb1cb3c52a234fc09b1ad487b911b95c1 with 2 token transfers 
2025-01-13 03:15:35.085 [INFO] [BlockScanner] Report created for transaction 0x97ba7602cb084ddf39b49e1744a5c339a2526e25dc10c2a17108cb489eec55bb with 2 token transfers 
2025-01-13 03:15:35.214 [INFO] [BlockScanner] Report created for transaction 0xa4ec7245b07ae18cf8f67837a84e7eb9e938648d9dfcaa28db17f9659ce15f1a with 2 token transfers 
2025-01-13 03:15:35.229 [INFO] [BlockScanner] Report created for transaction 0xec86ef19509e43a72b6dc16d79c97959d3ff6859c98c0b361cdc9ceed7d03fea with 2 token transfers 
2025-01-13 03:15:35.258 [DEBUG] [BlockScanner] Processing transaction 0x50f1d8738dcc5cb816cf1c372f4c456a053050a8aa9a1eb193b4fdabbb0cd1ba 
2025-01-13 03:15:35.287 [DEBUG] [BlockScanner] Processing transaction 0x40b9b8498f75f5bbf04aa62a990c43423de981bb74655ec7f6c44244ae642298 
2025-01-13 03:15:35.417 [DEBUG] [BlockScanner] Processing transaction 0xa7f7d56f99ff0b562fe47239c609c5318ebea92b61d8271cd4c796b937654a20 
2025-01-13 03:15:35.432 [DEBUG] [BlockScanner] Processing transaction 0x3051113d6ca4b3ff72aa611552169ce5882b35918e331e61d8795bea5281941a 
2025-01-13 03:15:35.443 [INFO] [BlockScanner] Report created for transaction 0xdf488bc6bf94128f2bf0e6e001bfcbaeed284a0f29327387e3d318d5ad42cf48 with 1 token transfers 
2025-01-13 03:15:35.645 [DEBUG] [BlockScanner] Processing transaction 0x1a173efc3d9c65db4cd2cd1db7eba94858d10dfeffbbb14766e6b0337a97857d 
2025-01-13 03:15:35.657 [INFO] [BlockScanner] Report created for transaction 0x50f1d8738dcc5cb816cf1c372f4c456a053050a8aa9a1eb193b4fdabbb0cd1ba with 1 token transfers 
2025-01-13 03:15:35.859 [DEBUG] [BlockScanner] Processing transaction 0xd09975d16de2b140f4ebf12e0d90cd31e31463613b486b57e79fef9356423229 
2025-01-13 03:15:36.040 [INFO] [BlockScanner] Report created for transaction 0x1a173efc3d9c65db4cd2cd1db7eba94858d10dfeffbbb14766e6b0337a97857d with 1 token transfers 
2025-01-13 03:15:36.094 [INFO] [BlockScanner] Report created for transaction 0x40b9b8498f75f5bbf04aa62a990c43423de981bb74655ec7f6c44244ae642298 with 2 token transfers 
2025-01-13 03:15:36.140 [INFO] [BlockScanner] Report created for transaction 0x3051113d6ca4b3ff72aa611552169ce5882b35918e331e61d8795bea5281941a with 2 token transfers 
2025-01-13 03:15:36.188 [INFO] [BlockScanner] Report created for transaction 0xa7f7d56f99ff0b562fe47239c609c5318ebea92b61d8271cd4c796b937654a20 with 2 token transfers 
2025-01-13 03:15:36.242 [DEBUG] [BlockScanner] Processing transaction 0xe4d38b3134bdf66f320cdc52691dfc4da25600013b06256213e6d9effa3da6f5 
2025-01-13 03:15:36.296 [DEBUG] [BlockScanner] Processing transaction 0xd8a1b79e5853cc5d1babceb9cca37dc7575d7f6a20fbb0fcee604f2901daae66 
2025-01-13 03:15:36.342 [DEBUG] [BlockScanner] Processing transaction 0xae49bae36b6e4a370ff68f8b2c66c45239b11a054efdd7060d2ca9fca53f5c14 
2025-01-13 03:15:36.389 [DEBUG] [BlockScanner] Processing transaction 0xbd6cde8f7f6bebcbb33a03db123c39da9e4de5b57b7bd527a5710f13f18b9546 
2025-01-13 03:15:36.672 [INFO] [BlockScanner] Report created for transaction 0xd09975d16de2b140f4ebf12e0d90cd31e31463613b486b57e79fef9356423229 with 2 token transfers 
2025-01-13 03:15:36.874 [DEBUG] [BlockScanner] Processing transaction 0x5c541583f9909444772cf72147cd98fc94737dcd22300f4ff98887daa05e1484 
2025-01-13 03:15:36.902 [INFO] [BlockScanner] Report created for transaction 0xe4d38b3134bdf66f320cdc52691dfc4da25600013b06256213e6d9effa3da6f5 with 2 token transfers 
2025-01-13 03:15:36.963 [INFO] [BlockScanner] Report created for transaction 0xd8a1b79e5853cc5d1babceb9cca37dc7575d7f6a20fbb0fcee604f2901daae66 with 2 token transfers 
2025-01-13 03:15:37.104 [DEBUG] [BlockScanner] Processing transaction 0xd6277475197688333930811113ab5495c148905ef86ce926c6e3a75477f192e0 
2025-01-13 03:15:37.158 [INFO] [BlockScanner] Report created for transaction 0xae49bae36b6e4a370ff68f8b2c66c45239b11a054efdd7060d2ca9fca53f5c14 with 2 token transfers 
2025-01-13 03:15:37.164 [DEBUG] [BlockScanner] Processing transaction 0x6e640ebe3ac7e9e502832b6eba2ee1d72edb37cb2ba9758de868b95e038bf5ec 
2025-01-13 03:15:37.209 [INFO] [BlockScanner] Report created for transaction 0xbd6cde8f7f6bebcbb33a03db123c39da9e4de5b57b7bd527a5710f13f18b9546 with 2 token transfers 
2025-01-13 03:15:37.359 [DEBUG] [BlockScanner] Processing transaction 0x50e4c96dc2cca251fcd70845310024aad8ebc28f9435515ea0456a78a74de88e 
2025-01-13 03:15:37.411 [DEBUG] [BlockScanner] Processing transaction 0x9173c9469aa3cd0fa2a52a2f4172771f4966d92006bb2667a9b6f74110438c5d 
2025-01-13 03:15:37.580 [INFO] [BlockScanner] Report created for transaction 0x5c541583f9909444772cf72147cd98fc94737dcd22300f4ff98887daa05e1484 with 2 token transfers 
2025-01-13 03:15:37.781 [DEBUG] [BlockScanner] Processing transaction 0x54acac5f9b69bf219f735ab3a1070470c4002870a7cae4b7a68294452a9f1bbe 
2025-01-13 03:15:37.858 [INFO] [BlockScanner] Report created for transaction 0xd6277475197688333930811113ab5495c148905ef86ce926c6e3a75477f192e0 with 2 token transfers 
2025-01-13 03:15:37.939 [INFO] [BlockScanner] Report created for transaction 0x6e640ebe3ac7e9e502832b6eba2ee1d72edb37cb2ba9758de868b95e038bf5ec with 2 token transfers 
2025-01-13 03:15:38.020 [INFO] [BlockScanner] Report created for transaction 0x50e4c96dc2cca251fcd70845310024aad8ebc28f9435515ea0456a78a74de88e with 2 token transfers 
2025-01-13 03:15:38.060 [DEBUG] [BlockScanner] Processing transaction 0x4150a01bc6c50045d576d6c79a82ed8e31f0c65f2a01f60f532724b535e2b40a 
2025-01-13 03:15:38.141 [DEBUG] [BlockScanner] Processing transaction 0xbadefed8f3b368a025d4f37cb34a387a42ec6acf0bc221155d98ad30eb0fc9a5 
2025-01-13 03:15:38.158 [INFO] [BlockScanner] Report created for transaction 0x9173c9469aa3cd0fa2a52a2f4172771f4966d92006bb2667a9b6f74110438c5d with 2 token transfers 
2025-01-13 03:15:38.221 [DEBUG] [BlockScanner] Processing transaction 0x1a43bb3ef27710cdb98ed61675611a2c41983bf8003a8698d1fb771016aaa07b 
2025-01-13 03:15:38.360 [DEBUG] [BlockScanner] Processing transaction 0xc49aefd94f7017a4703b8d561ebb59c68a0092628768475ce401dbb8111d4cbd 
2025-01-13 03:15:38.450 [INFO] [BlockScanner] Report created for transaction 0x54acac5f9b69bf219f735ab3a1070470c4002870a7cae4b7a68294452a9f1bbe with 2 token transfers 
2025-01-13 03:15:38.652 [DEBUG] [BlockScanner] Processing transaction 0x6c588ca041506181e54284df3275aa557f9b75a85726f37a883297a969dcadb8 
2025-01-13 03:15:38.804 [INFO] [BlockScanner] Report created for transaction 0xbadefed8f3b368a025d4f37cb34a387a42ec6acf0bc221155d98ad30eb0fc9a5 with 2 token transfers 
2025-01-13 03:15:38.835 [INFO] [BlockScanner] Report created for transaction 0x4150a01bc6c50045d576d6c79a82ed8e31f0c65f2a01f60f532724b535e2b40a with 2 token transfers 
2025-01-13 03:15:39.005 [INFO] [BlockScanner] Report created for transaction 0x1a43bb3ef27710cdb98ed61675611a2c41983bf8003a8698d1fb771016aaa07b with 2 token transfers 
2025-01-13 03:15:39.006 [DEBUG] [BlockScanner] Processing transaction 0x039c949ba5cd24e81d89973992ec8d1b91985c5326f4ce9278d2555b8aded9b1 
2025-01-13 03:15:39.036 [DEBUG] [BlockScanner] Processing transaction 0x59984c3131a8da037158229ccfcec346b52c6e5844ab2dc38dbd8d7dbad10a19 
2025-01-13 03:15:39.151 [INFO] [BlockScanner] Report created for transaction 0xc49aefd94f7017a4703b8d561ebb59c68a0092628768475ce401dbb8111d4cbd with 2 token transfers 
2025-01-13 03:15:39.206 [DEBUG] [BlockScanner] Processing transaction 0x8401b27d67cd1e222214a34d4c01cf5fcaab086662e39575a16408fb6f41ee9e 
2025-01-13 03:15:39.353 [DEBUG] [BlockScanner] Processing transaction 0x849a498e82a90767740afb6a70f74bd06a0eaf34b4829694cc21880432b589b1 
2025-01-13 03:15:39.444 [INFO] [BlockScanner] Report created for transaction 0x6c588ca041506181e54284df3275aa557f9b75a85726f37a883297a969dcadb8 with 2 token transfers 
2025-01-13 03:15:39.646 [DEBUG] [BlockScanner] Processing transaction 0x457b374809dad0ee6447700355e65f2a0c90319cfc9ea2daf105c561168a4752 
2025-01-13 03:15:39.816 [INFO] [BlockScanner] Report created for transaction 0x039c949ba5cd24e81d89973992ec8d1b91985c5326f4ce9278d2555b8aded9b1 with 2 token transfers 
2025-01-13 03:15:39.856 [INFO] [BlockScanner] Report created for transaction 0x59984c3131a8da037158229ccfcec346b52c6e5844ab2dc38dbd8d7dbad10a19 with 2 token transfers 
2025-01-13 03:15:40.018 [DEBUG] [BlockScanner] Processing transaction 0x706c2e1358af261fbee7d1c26344d9f6173a36fbd5a35e4e314cac4ff9e21175 
2025-01-13 03:15:40.054 [INFO] [BlockScanner] Report created for transaction 0x8401b27d67cd1e222214a34d4c01cf5fcaab086662e39575a16408fb6f41ee9e with 2 token transfers 
2025-01-13 03:15:40.056 [DEBUG] [BlockScanner] Processing transaction 0x6820f24bdcf1ae70cf386f30d530269892841a70fa039d5558337f7fef635c1d 
2025-01-13 03:15:40.170 [INFO] [BlockScanner] Report created for transaction 0x849a498e82a90767740afb6a70f74bd06a0eaf34b4829694cc21880432b589b1 with 2 token transfers 
2025-01-13 03:15:40.254 [DEBUG] [BlockScanner] Processing transaction 0xe51182ab3e0876fdd118cb8c53ec17f99519f59713b7403a5c205216a656c172 
2025-01-13 03:15:40.372 [DEBUG] [BlockScanner] Processing transaction 0xa7df16569be09559aa162580352862edc2718ba7139a245940c70210b42846ad 
2025-01-13 03:15:40.619 [INFO] [BlockScanner] Report created for transaction 0x457b374809dad0ee6447700355e65f2a0c90319cfc9ea2daf105c561168a4752 with 2 token transfers 
2025-01-13 03:15:40.821 [DEBUG] [BlockScanner] Processing transaction 0xddfb80476444947ebd0f0311b315a878c4c70f1babd0efb8262a5289bea7b9cd 
2025-01-13 03:15:40.884 [INFO] [BlockScanner] Report created for transaction 0x706c2e1358af261fbee7d1c26344d9f6173a36fbd5a35e4e314cac4ff9e21175 with 2 token transfers 
2025-01-13 03:15:41.057 [INFO] [BlockScanner] Report created for transaction 0x6820f24bdcf1ae70cf386f30d530269892841a70fa039d5558337f7fef635c1d with 2 token transfers 
2025-01-13 03:15:41.085 [DEBUG] [BlockScanner] Processing transaction 0x6b7b64b90a4aa75109989352150f0fa31047453a98c0bd977639a7243f48f5bd 
2025-01-13 03:15:41.086 [DEBUG] [BlockScanner] Processing transaction 0xbda963201de8d23fa700a764e326f015e448eb00d0314a728c5019895519569e 
2025-01-13 03:15:41.169 [INFO] [BlockScanner] Report created for transaction 0xe51182ab3e0876fdd118cb8c53ec17f99519f59713b7403a5c205216a656c172 with 2 token transfers 
2025-01-13 03:15:41.259 [DEBUG] [BlockScanner] Processing transaction 0x44c55e20f29ee261ec2269ac892fac15ed548accf59798b8702c7058a59400e9 
2025-01-13 03:15:41.371 [DEBUG] [BlockScanner] Processing transaction 0xc1bc88d6e916d25a4779014fde550c271e7f1565b194ac510bfe811713ae3eae 
2025-01-13 03:15:41.818 [DEBUG] [BlockScanner] Processing transaction 0x67e45ef43aab37e2407efba3bb99bb1f9c26c1c4382db9afe4e5142ff591b70f 
2025-01-13 03:15:41.979 [INFO] [BlockScanner] Report created for transaction 0xddfb80476444947ebd0f0311b315a878c4c70f1babd0efb8262a5289bea7b9cd with 2 token transfers 
2025-01-13 03:15:42.181 [DEBUG] [BlockScanner] Processing transaction 0xac787b554a91936e142920d2eda680946c1418e25e4ed1334b7e41844c731e6a 
2025-01-13 03:15:42.197 [INFO] [BlockScanner] Report created for transaction 0x6b7b64b90a4aa75109989352150f0fa31047453a98c0bd977639a7243f48f5bd with 8 token transfers 
2025-01-13 03:15:42.289 [INFO] [BlockScanner] Report created for transaction 0x44c55e20f29ee261ec2269ac892fac15ed548accf59798b8702c7058a59400e9 with 4 token transfers 
2025-01-13 03:15:42.398 [DEBUG] [BlockScanner] Processing transaction 0x909e9d57a99c7e2d3eeefb62f1b006b2661e8ba6e723aaf07e2ec5e862ec1912 
2025-01-13 03:15:42.468 [INFO] [BlockScanner] Report created for transaction 0xc1bc88d6e916d25a4779014fde550c271e7f1565b194ac510bfe811713ae3eae with 4 token transfers 
2025-01-13 03:15:42.488 [DEBUG] [BlockScanner] Processing transaction 0x0725b595e6876eb424935dd71e005ff3771d57485b5d9bc29c054254b1adc495 
2025-01-13 03:15:42.670 [DEBUG] [BlockScanner] Processing transaction 0xbe6347af03513f398793d5faed60231fe802dd771207d96234e9558fd9cbb940 
2025-01-13 03:15:42.824 [INFO] [BlockScanner] Report created for transaction 0x67e45ef43aab37e2407efba3bb99bb1f9c26c1c4382db9afe4e5142ff591b70f with 4 token transfers 
2025-01-13 03:15:43.025 [DEBUG] [BlockScanner] Processing transaction 0xb8111ff5be49aad0ae355d3c13a257931a0938abeb372082ed4ad91ca8a51df8 
2025-01-13 03:15:43.356 [INFO] [BlockScanner] Report created for transaction 0xbe6347af03513f398793d5faed60231fe802dd771207d96234e9558fd9cbb940 with 1 token transfers 
2025-01-13 03:15:43.380 [DEBUG] [BlockScanner] Processing transaction 0x45a93112f12a11f92e48c4b2260407b2b803455550b28f0feaaa9e8a221da4c9 
2025-01-13 03:15:43.531 [INFO] [BlockScanner] Report created for transaction 0xac787b554a91936e142920d2eda680946c1418e25e4ed1334b7e41844c731e6a with 4 token transfers 
2025-01-13 03:15:43.557 [DEBUG] [BlockScanner] Processing transaction 0xfd8694797ddcea423ba9504bbb14e3147c37eba3be9855150ee729d008ab1d06 
2025-01-13 03:15:43.709 [INFO] [BlockScanner] Report created for transaction 0x909e9d57a99c7e2d3eeefb62f1b006b2661e8ba6e723aaf07e2ec5e862ec1912 with 2 token transfers 
2025-01-13 03:15:43.732 [DEBUG] [BlockScanner] Processing transaction 0xdeac3a37fdb0b298df6a0f8cb057d4e9dbdeed594106fb8e5a5364f23ae1d6c2 
2025-01-13 03:15:43.911 [DEBUG] [BlockScanner] Processing transaction 0x61f303fdfc4e7ea645ab6def7ad06dee1d429757c384ca7780c139e44b5cb859 
2025-01-13 03:15:44.241 [INFO] [BlockScanner] Report created for transaction 0xb8111ff5be49aad0ae355d3c13a257931a0938abeb372082ed4ad91ca8a51df8 with 2 token transfers 
2025-01-13 03:15:44.359 [INFO] [BlockScanner] Report created for transaction 0x45a93112f12a11f92e48c4b2260407b2b803455550b28f0feaaa9e8a221da4c9 with 2 token transfers 
2025-01-13 03:15:44.443 [DEBUG] [BlockScanner] Processing transaction 0x5ecc8b0386319dc48399290d1e685b9b20b39e260a0b18006bb295de3beab4ef 
2025-01-13 03:15:44.561 [DEBUG] [BlockScanner] Processing transaction 0xe648fef3c537e0bef60953937dad087bcecaeb9e4a2d3f09f3632154514f5707 
2025-01-13 03:15:44.583 [INFO] [BlockScanner] Report created for transaction 0xfd8694797ddcea423ba9504bbb14e3147c37eba3be9855150ee729d008ab1d06 with 2 token transfers 
2025-01-13 03:15:44.649 [INFO] [BlockScanner] Report created for transaction 0xdeac3a37fdb0b298df6a0f8cb057d4e9dbdeed594106fb8e5a5364f23ae1d6c2 with 4 token transfers 
2025-01-13 03:15:44.770 [INFO] [BlockScanner] Report created for transaction 0x61f303fdfc4e7ea645ab6def7ad06dee1d429757c384ca7780c139e44b5cb859 with 2 token transfers 
2025-01-13 03:15:44.784 [DEBUG] [BlockScanner] Processing transaction 0xd7277ded084c0ecf9ba47849e4cd671447ed98e74f1b4a16b1c1f70e4a511cc2 
2025-01-13 03:15:44.851 [DEBUG] [BlockScanner] Processing transaction 0x90a607e2cf2099a0383964a27cca0711ab826c90bb6228d5870aedbc1f9dcbaa 
2025-01-13 03:15:44.973 [DEBUG] [BlockScanner] Processing transaction 0x7580bad864fdcdb9de5b3882721bed40754994fd15024156c123b7c2e8075b59 
2025-01-13 03:15:45.209 [INFO] [BlockScanner] Report created for transaction 0x5ecc8b0386319dc48399290d1e685b9b20b39e260a0b18006bb295de3beab4ef with 2 token transfers 
2025-01-13 03:15:45.369 [INFO] [BlockScanner] Report created for transaction 0xe648fef3c537e0bef60953937dad087bcecaeb9e4a2d3f09f3632154514f5707 with 2 token transfers 
2025-01-13 03:15:45.411 [DEBUG] [BlockScanner] Processing transaction 0x592264b9d84a32d0c69227e69f786bf00491b7496aeb7d402401ba4b034d14d4 
2025-01-13 03:15:45.463 [DEBUG] [BlockScanner] Processing transaction 0xd8e4d2ef590775c3a5e9b16dc8394f9793daa15e9c0ffd0be1aad4f3a070532c 
2025-01-13 03:15:45.570 [DEBUG] [BlockScanner] Processing transaction 0x603a80a19fd23aad92d497016d60264d78db1d1bc96150c1ce1fd71d4b5abae6 
2025-01-13 03:15:45.599 [INFO] [BlockScanner] Report created for transaction 0xd7277ded084c0ecf9ba47849e4cd671447ed98e74f1b4a16b1c1f70e4a511cc2 with 2 token transfers 
2025-01-13 03:15:45.683 [INFO] [BlockScanner] Report created for transaction 0x90a607e2cf2099a0383964a27cca0711ab826c90bb6228d5870aedbc1f9dcbaa with 2 token transfers 
2025-01-13 03:15:45.800 [DEBUG] [BlockScanner] Processing transaction 0x5ec090125fb8b2dfcb6d10fe422c64871f7c762fb2fa53a9b3299694ffe8ac74 
2025-01-13 03:15:45.883 [DEBUG] [BlockScanner] Processing transaction 0xc798fde6545b3e9564242823c1a9edeb18bfee67dc99fa0fd23c252d24fd7fcc 
2025-01-13 03:15:46.083 [INFO] [BlockScanner] Report created for transaction 0x592264b9d84a32d0c69227e69f786bf00491b7496aeb7d402401ba4b034d14d4 with 8 token transfers 
2025-01-13 03:15:46.264 [INFO] [BlockScanner] Report created for transaction 0xd8e4d2ef590775c3a5e9b16dc8394f9793daa15e9c0ffd0be1aad4f3a070532c with 2 token transfers 
2025-01-13 03:15:46.279 [INFO] [BlockScanner] Report created for transaction 0xc798fde6545b3e9564242823c1a9edeb18bfee67dc99fa0fd23c252d24fd7fcc with 1 token transfers 
2025-01-13 03:15:46.284 [DEBUG] [BlockScanner] Processing transaction 0x06f065b927b6878aff2f17e7e88fa7c7d9fc4f71e5a35608f49517aad4c76818 
2025-01-13 03:15:46.408 [INFO] [BlockScanner] Report created for transaction 0x603a80a19fd23aad92d497016d60264d78db1d1bc96150c1ce1fd71d4b5abae6 with 2 token transfers 
2025-01-13 03:15:46.466 [DEBUG] [BlockScanner] Processing transaction 0x956ba9202d6c31daa1b2b8a537fc40374a90606b4d6e1ed8a1f7474a78a1a8e0 
2025-01-13 03:15:46.481 [DEBUG] [BlockScanner] Processing transaction 0xe0f2c48175b228e793c80512240c2200db3c5a6f7c82d92c5ab8f289bd62be9f 
2025-01-13 03:15:46.595 [INFO] [BlockScanner] Report created for transaction 0x5ec090125fb8b2dfcb6d10fe422c64871f7c762fb2fa53a9b3299694ffe8ac74 with 2 token transfers 
2025-01-13 03:15:46.611 [DEBUG] [BlockScanner] Processing transaction 0xf6b9b8d0cff61210dc4305325971971d5146a88d02a0001653a248fe78728fe6 
2025-01-13 03:15:46.796 [DEBUG] [BlockScanner] Processing transaction 0xfb8ff5f5971685c0f87e9255573365a7685a425143e1e683f80d2ff7c93b4ffe 
2025-01-13 03:15:46.991 [INFO] [BlockScanner] Report created for transaction 0x06f065b927b6878aff2f17e7e88fa7c7d9fc4f71e5a35608f49517aad4c76818 with 2 token transfers 
2025-01-13 03:15:47.171 [INFO] [BlockScanner] Report created for transaction 0xe0f2c48175b228e793c80512240c2200db3c5a6f7c82d92c5ab8f289bd62be9f with 2 token transfers 
2025-01-13 03:15:47.193 [DEBUG] [BlockScanner] Processing transaction 0x821a3936e405f8897cc72f656ae36abaaa8bf1bb89f2d63caad2d21fc04c928f 
2025-01-13 03:15:47.363 [INFO] [BlockScanner] Report created for transaction 0x956ba9202d6c31daa1b2b8a537fc40374a90606b4d6e1ed8a1f7474a78a1a8e0 with 2 token transfers 
2025-01-13 03:15:47.373 [DEBUG] [BlockScanner] Processing transaction 0x61b2139cdecd089552bf7cc48edfcc0da999bbaeec6cbb7d072cba99df3fb7aa 
2025-01-13 03:15:47.441 [INFO] [BlockScanner] Report created for transaction 0xf6b9b8d0cff61210dc4305325971971d5146a88d02a0001653a248fe78728fe6 with 2 token transfers 
2025-01-13 03:15:47.564 [DEBUG] [BlockScanner] Processing transaction 0xe6791cbafe0784e754510ce3598901514c379ced810986a1c8d1cea839087989 
2025-01-13 03:15:47.570 [INFO] [BlockScanner] Report created for transaction 0xfb8ff5f5971685c0f87e9255573365a7685a425143e1e683f80d2ff7c93b4ffe with 2 token transfers 
2025-01-13 03:15:47.642 [DEBUG] [BlockScanner] Processing transaction 0x0325dba4834bfc475f4ccb7cee313b758ca8a47240766537996f7e55c3b5072d 
2025-01-13 03:15:47.771 [DEBUG] [BlockScanner] Processing transaction 0x3aafa5969f76bcd88f3daaf684c8aabfbf20fe17fe8a2577b4d8b1fca0d1d15a 
2025-01-13 03:15:48.010 [INFO] [BlockScanner] Report created for transaction 0x821a3936e405f8897cc72f656ae36abaaa8bf1bb89f2d63caad2d21fc04c928f with 2 token transfers 
2025-01-13 03:15:48.048 [INFO] [BlockScanner] Report created for transaction 0x0325dba4834bfc475f4ccb7cee313b758ca8a47240766537996f7e55c3b5072d with 1 token transfers 
2025-01-13 03:15:48.103 [INFO] [BlockScanner] Report created for transaction 0x61b2139cdecd089552bf7cc48edfcc0da999bbaeec6cbb7d072cba99df3fb7aa with 2 token transfers 
2025-01-13 03:15:48.212 [DEBUG] [BlockScanner] Processing transaction 0x6e2b47dee1b432840d2edd4fbe77392b98410c4e411b676a2de9f8a22c183a54 
2025-01-13 03:15:48.240 [INFO] [BlockScanner] Report created for transaction 0xe6791cbafe0784e754510ce3598901514c379ced810986a1c8d1cea839087989 with 4 token transfers 
2025-01-13 03:15:48.250 [DEBUG] [BlockScanner] Processing transaction 0xa2e3015d0ecb60be741b15ceec29f101a5620e2b5bb1968a27c8c5639459a91f 
2025-01-13 03:15:48.305 [DEBUG] [BlockScanner] Processing transaction 0xfe0c597f97dbe02c65a3b90845be63cc5736288cbd358b3b87febeb2c9071baa 
2025-01-13 03:15:48.362 [DEBUG] [BlockScanner] Processing transaction 0x5500fd56e7833b7288c2be89d96dd7569a4b75e26e9869af978d54bd95fa3fe1 
2025-01-13 03:15:48.442 [DEBUG] [BlockScanner] Processing transaction 0xd34dede5e47fa5ad0121dc65d54ec926ca5bbed70cc30210d27eace98a3b7e68 
2025-01-13 03:15:48.616 [INFO] [BlockScanner] Report created for transaction 0xa2e3015d0ecb60be741b15ceec29f101a5620e2b5bb1968a27c8c5639459a91f with 1 token transfers 
2025-01-13 03:15:48.688 [DEBUG] [BlockScanner] Processing transaction 0x39c3ffecd92427c85d064b5a837d46b17a360ac8434ef5e0098e765ea8b4273a 
2025-01-13 03:15:48.818 [DEBUG] [BlockScanner] Processing transaction 0x953faa0660010a53f16336515d3840159475d6324c63c607985464206265c272 
2025-01-13 03:15:49.092 [INFO] [BlockScanner] Report created for transaction 0x39c3ffecd92427c85d064b5a837d46b17a360ac8434ef5e0098e765ea8b4273a with 1 token transfers 
2025-01-13 03:15:49.119 [INFO] [BlockScanner] Report created for transaction 0xfe0c597f97dbe02c65a3b90845be63cc5736288cbd358b3b87febeb2c9071baa with 2 token transfers 
2025-01-13 03:15:49.155 [INFO] [BlockScanner] Report created for transaction 0x5500fd56e7833b7288c2be89d96dd7569a4b75e26e9869af978d54bd95fa3fe1 with 2 token transfers 
2025-01-13 03:15:49.292 [DEBUG] [BlockScanner] Processing transaction 0xfbf394425a14a6f2e37ca3412d152d14b46e4990e458bb817ad53a8ce1c501f1 
2025-01-13 03:15:49.299 [INFO] [BlockScanner] Report created for transaction 0xd34dede5e47fa5ad0121dc65d54ec926ca5bbed70cc30210d27eace98a3b7e68 with 2 token transfers 
2025-01-13 03:15:49.321 [DEBUG] [BlockScanner] Processing transaction 0xb2e46b874049c9a1d83beecc8386b705fcd9bfb135b882575700b95c4b67c123 
2025-01-13 03:15:49.325 [INFO] [BlockScanner] Report created for transaction 0x953faa0660010a53f16336515d3840159475d6324c63c607985464206265c272 with 1 token transfers 
2025-01-13 03:15:49.356 [DEBUG] [BlockScanner] Processing transaction 0x7d2065b735c8216fdeb8d3eb3d54898dd84eb67ff1cba9e1bc3a469f806da612 
2025-01-13 03:15:49.501 [DEBUG] [BlockScanner] Processing transaction 0x148ccdd4770b4168a7dd577297876946fb0f968881919c34870be6660a6da27f 
2025-01-13 03:15:49.525 [DEBUG] [BlockScanner] Processing transaction 0x9f947e9e9501b7eab2a78a21b1e95ebaf10008ae41467205e0bb6418b1f85e20 
2025-01-13 03:15:49.742 [INFO] [BlockScanner] Report created for transaction 0x7d2065b735c8216fdeb8d3eb3d54898dd84eb67ff1cba9e1bc3a469f806da612 with 1 token transfers 
2025-01-13 03:15:49.944 [DEBUG] [BlockScanner] Processing transaction 0x821c69e5432f28b86e7ff8224e9b936809fb86ba4fedb3048fedfde63f5c5516 
2025-01-13 03:15:49.964 [INFO] [BlockScanner] Report created for transaction 0xfbf394425a14a6f2e37ca3412d152d14b46e4990e458bb817ad53a8ce1c501f1 with 2 token transfers 
2025-01-13 03:15:50.023 [INFO] [BlockScanner] Report created for transaction 0xb2e46b874049c9a1d83beecc8386b705fcd9bfb135b882575700b95c4b67c123 with 2 token transfers 
2025-01-13 03:15:50.166 [DEBUG] [BlockScanner] Processing transaction 0x33fda7911208558fc2e35601a3fc54c96d18e2f1d4756a1e25a61b53f89f4961 
2025-01-13 03:15:50.225 [DEBUG] [BlockScanner] Processing transaction 0x5de35e83271068b7ef31991fd0cad4448f1ddc691d869a9f6978474f6996e7ee 
2025-01-13 03:15:50.257 [INFO] [BlockScanner] Report created for transaction 0x9f947e9e9501b7eab2a78a21b1e95ebaf10008ae41467205e0bb6418b1f85e20 with 4 token transfers 
2025-01-13 03:15:50.345 [INFO] [BlockScanner] Report created for transaction 0x821c69e5432f28b86e7ff8224e9b936809fb86ba4fedb3048fedfde63f5c5516 with 1 token transfers 
2025-01-13 03:15:50.348 [INFO] [BlockScanner] Report created for transaction 0x148ccdd4770b4168a7dd577297876946fb0f968881919c34870be6660a6da27f with 32 token transfers 
2025-01-13 03:15:50.457 [DEBUG] [BlockScanner] Processing transaction 0xbf46ba39eaf7635c06e538fde5b9c2b0246464a70566e18611aeba5d1934b6e9 
2025-01-13 03:15:50.547 [DEBUG] [BlockScanner] Processing transaction 0x4d659a8e0eaf8f0ab8e8bd2a5512e6aba636fd2ab9386ba99d5502704c82201a 
2025-01-13 03:15:50.549 [DEBUG] [BlockScanner] Processing transaction 0x8cb7888499674836f1ee3332c2a19a431496cb45733e312149fd64f4096ec50f 
2025-01-13 03:15:50.933 [INFO] [BlockScanner] Report created for transaction 0x33fda7911208558fc2e35601a3fc54c96d18e2f1d4756a1e25a61b53f89f4961 with 2 token transfers 
2025-01-13 03:15:50.934 [INFO] [BlockScanner] Report created for transaction 0x4d659a8e0eaf8f0ab8e8bd2a5512e6aba636fd2ab9386ba99d5502704c82201a with 1 token transfers 
2025-01-13 03:15:50.993 [INFO] [BlockScanner] Report created for transaction 0x5de35e83271068b7ef31991fd0cad4448f1ddc691d869a9f6978474f6996e7ee with 8 token transfers 
2025-01-13 03:15:51.136 [DEBUG] [BlockScanner] Processing transaction 0xe43afa9f4b78236ae3c152f1944570459690f2b8e659067d5b5f16f0d7ed0de9 
2025-01-13 03:15:51.138 [DEBUG] [BlockScanner] Processing transaction 0x79328a0410677883ff97cfe42a10209ea5a7bfe132721519752113adfe859089 
2025-01-13 03:15:51.194 [DEBUG] [BlockScanner] Processing transaction 0x5dc6f7295005643e590cf9f44c533655337b9f6e713e5dfcb046a2c5e6bcde0d 
2025-01-13 03:15:51.210 [INFO] [BlockScanner] Report created for transaction 0xbf46ba39eaf7635c06e538fde5b9c2b0246464a70566e18611aeba5d1934b6e9 with 2 token transfers 
2025-01-13 03:15:51.239 [INFO] [BlockScanner] Report created for transaction 0x8cb7888499674836f1ee3332c2a19a431496cb45733e312149fd64f4096ec50f with 6 token transfers 
2025-01-13 03:15:51.412 [DEBUG] [BlockScanner] Processing transaction 0xc4fc1a3b4a594f32faad6d8559fb2f0b18c2139623bf448cee0096e539d01248 
2025-01-13 03:15:51.441 [DEBUG] [BlockScanner] Processing transaction 0x840f7422b0fb22f2105180ca95fc09bb4f2a608d872e0e6aaa42626743a86664 
2025-01-13 03:15:51.558 [INFO] [BlockScanner] Report created for transaction 0x79328a0410677883ff97cfe42a10209ea5a7bfe132721519752113adfe859089 with 1 token transfers 
2025-01-13 03:15:51.759 [DEBUG] [BlockScanner] Processing transaction 0xef50c30071a5599b246f08a9d39b16ada287032fd3bfc6e0c9d5ee9522400bfe 
2025-01-13 03:15:51.899 [INFO] [BlockScanner] Report created for transaction 0x5dc6f7295005643e590cf9f44c533655337b9f6e713e5dfcb046a2c5e6bcde0d with 2 token transfers 
2025-01-13 03:15:51.930 [INFO] [BlockScanner] Report created for transaction 0xe43afa9f4b78236ae3c152f1944570459690f2b8e659067d5b5f16f0d7ed0de9 with 2 token transfers 
2025-01-13 03:15:52.101 [DEBUG] [BlockScanner] Processing transaction 0x4e11f34b94fa1d552e4a857bf0b7b20bf5d3d76d2647d079846ae60d1edb4174 
2025-01-13 03:15:52.131 [DEBUG] [BlockScanner] Processing transaction 0x67b7f5207daf24e42ab04979634067af03f3adc74620e89d7344dd157d3ba6d5 
2025-01-13 03:15:52.194 [INFO] [BlockScanner] Report created for transaction 0x840f7422b0fb22f2105180ca95fc09bb4f2a608d872e0e6aaa42626743a86664 with 2 token transfers 
2025-01-13 03:15:52.200 [INFO] [BlockScanner] Report created for transaction 0xc4fc1a3b4a594f32faad6d8559fb2f0b18c2139623bf448cee0096e539d01248 with 2 token transfers 
2025-01-13 03:15:52.395 [DEBUG] [BlockScanner] Processing transaction 0xeada842b7bed154860305951cece94759d6885cbc5fa5ff62cd91ef625cb9e0c 
2025-01-13 03:15:52.400 [DEBUG] [BlockScanner] Processing transaction 0x77ae5f9512343227e8df90a2c61f7a0dc255926e689c057fb2c8620928e9d91f 
2025-01-13 03:15:52.435 [INFO] [BlockScanner] Report created for transaction 0xef50c30071a5599b246f08a9d39b16ada287032fd3bfc6e0c9d5ee9522400bfe with 2 token transfers 
2025-01-13 03:15:52.575 [DEBUG] [BlockScanner] Processing transaction 0x1aa2a72d0be502ce5626f18bd08aac5ce5fa8f12f37493c35ca946cd3a9fccd0 
2025-01-13 03:15:52.637 [DEBUG] [BlockScanner] Processing transaction 0xa179856682850af031d96d380ac61eb1b8be3db0a9c0c213b9b7e7f99bfe21d9 
2025-01-13 03:15:52.832 [INFO] [BlockScanner] Report created for transaction 0x67b7f5207daf24e42ab04979634067af03f3adc74620e89d7344dd157d3ba6d5 with 2 token transfers 
2025-01-13 03:15:52.988 [INFO] [BlockScanner] Report created for transaction 0x1aa2a72d0be502ce5626f18bd08aac5ce5fa8f12f37493c35ca946cd3a9fccd0 with 1 token transfers 
2025-01-13 03:15:53.032 [DEBUG] [BlockScanner] Processing transaction 0x5b3a41e9c07966df0ec0b4f3f19a73fd30012be73845ac17fc6c2ef9736f385e 
2025-01-13 03:15:53.162 [INFO] [BlockScanner] Report created for transaction 0xeada842b7bed154860305951cece94759d6885cbc5fa5ff62cd91ef625cb9e0c with 6 token transfers 
2025-01-13 03:15:53.188 [DEBUG] [BlockScanner] Processing transaction 0x9f9a64ed6991f46ffd229475b4216af619981c928fd7ec86fe7ece8811463330 
2025-01-13 03:15:53.195 [DEBUG] [BlockScanner] Processing transaction 0x34d7c390f29e6731623376c76eff522c2dcb5fb39f13ea33e566cdf45d7b8c46 
2025-01-13 03:15:53.198 [INFO] [BlockScanner] Report created for transaction 0x77ae5f9512343227e8df90a2c61f7a0dc255926e689c057fb2c8620928e9d91f with 2 token transfers 
2025-01-13 03:15:53.363 [DEBUG] [BlockScanner] Processing transaction 0x13a2774ff208801ed0768f2c76503a5d9b52ae3438e62a961cb7145c550e3f3f 
2025-01-13 03:15:53.399 [DEBUG] [BlockScanner] Processing transaction 0x7f55820e20fe9a38a0a1af907317e7a2aad5f10f272acace0c14d1d719e23394 
2025-01-13 03:15:53.440 [INFO] [BlockScanner] Report created for transaction 0x5b3a41e9c07966df0ec0b4f3f19a73fd30012be73845ac17fc6c2ef9736f385e with 1 token transfers 
2025-01-13 03:15:53.641 [DEBUG] [BlockScanner] Processing transaction 0xb692c9ffde28993b47dccf4d005b4461418d5c82b9231dacc97653d4c48aa2b5 
2025-01-13 03:15:53.658 [DEBUG] [BlockScanner] Processing transaction 0x73ea68255f25ff2a639ac2c4d6ed0d85dc7cc435f941c34f85a2ff53b25461f5 
2025-01-13 03:15:53.870 [INFO] [BlockScanner] Report created for transaction 0x34d7c390f29e6731623376c76eff522c2dcb5fb39f13ea33e566cdf45d7b8c46 with 4 token transfers 
2025-01-13 03:15:54.048 [INFO] [BlockScanner] Report created for transaction 0x73ea68255f25ff2a639ac2c4d6ed0d85dc7cc435f941c34f85a2ff53b25461f5 with 1 token transfers 
2025-01-13 03:15:54.072 [DEBUG] [BlockScanner] Processing transaction 0x52347c7bfa2815637ad28653eacbe2dabd1a53ac7ac6029e9fad3224ff0f8ec4 
2025-01-13 03:15:54.119 [INFO] [BlockScanner] Report created for transaction 0x13a2774ff208801ed0768f2c76503a5d9b52ae3438e62a961cb7145c550e3f3f with 2 token transfers 
2025-01-13 03:15:54.209 [INFO] [BlockScanner] Report created for transaction 0x7f55820e20fe9a38a0a1af907317e7a2aad5f10f272acace0c14d1d719e23394 with 2 token transfers 
2025-01-13 03:15:54.250 [DEBUG] [BlockScanner] Processing transaction 0x3a127aa383beb3662de957a06942305c4408ba33ec6acf4ce986ccb1b3004aba 
2025-01-13 03:15:54.321 [DEBUG] [BlockScanner] Processing transaction 0x55ef1215b81e8564523a5d5633ef74ab025e0986cf7ce0eb5f0e0f4cec6f0776 
2025-01-13 03:15:54.361 [INFO] [BlockScanner] Report created for transaction 0xb692c9ffde28993b47dccf4d005b4461418d5c82b9231dacc97653d4c48aa2b5 with 4 token transfers 
2025-01-13 03:15:54.411 [DEBUG] [BlockScanner] Processing transaction 0x0e78106c5af8d94bb1a3cae381cc59425d970f097f472a833078f7d4c989dfc2 
2025-01-13 03:15:54.563 [DEBUG] [BlockScanner] Processing transaction 0xf9b57a504ac4b42cfc42d462c99ee89fdf3d85464987bad05c58773a8041f149 
2025-01-13 03:15:54.757 [INFO] [BlockScanner] Report created for transaction 0x52347c7bfa2815637ad28653eacbe2dabd1a53ac7ac6029e9fad3224ff0f8ec4 with 2 token transfers 
2025-01-13 03:15:54.832 [INFO] [BlockScanner] Report created for transaction 0x0e78106c5af8d94bb1a3cae381cc59425d970f097f472a833078f7d4c989dfc2 with 1 token transfers 
2025-01-13 03:15:54.959 [DEBUG] [BlockScanner] Processing transaction 0xa8ee9e5aa78408bd0d17c4d0ed7cb97796c7088f988e2c69defe64f4c50c70f0 
2025-01-13 03:15:55.010 [INFO] [BlockScanner] Report created for transaction 0x3a127aa383beb3662de957a06942305c4408ba33ec6acf4ce986ccb1b3004aba with 4 token transfers 
2025-01-13 03:15:55.034 [DEBUG] [BlockScanner] Processing transaction 0x1128a57983cf250d1992dc37088f87bcc0dc7e2e29636cbb88b37a8580eb9e74 
2025-01-13 03:15:55.059 [INFO] [BlockScanner] Report created for transaction 0x55ef1215b81e8564523a5d5633ef74ab025e0986cf7ce0eb5f0e0f4cec6f0776 with 2 token transfers 
2025-01-13 03:15:55.211 [DEBUG] [BlockScanner] Processing transaction 0xb388c8864abe3b87be4d743efd6500f4b1b88300cc4a65545e092f616c1fd482 
2025-01-13 03:15:55.260 [DEBUG] [BlockScanner] Processing transaction 0x10c83e7d33f1a5fe870ab8c1249c2d98f982d4fa8b793d14ce4ea67749710c56 
2025-01-13 03:15:55.377 [INFO] [BlockScanner] Report created for transaction 0xa8ee9e5aa78408bd0d17c4d0ed7cb97796c7088f988e2c69defe64f4c50c70f0 with 1 token transfers 
2025-01-13 03:15:55.451 [INFO] [BlockScanner] Report created for transaction 0xf9b57a504ac4b42cfc42d462c99ee89fdf3d85464987bad05c58773a8041f149 with 2 token transfers 
2025-01-13 03:15:55.579 [DEBUG] [BlockScanner] Processing transaction 0x526d3641aebbd93424d469d63587f8a269491f0c71206595c2c4c13623c6ab57 
2025-01-13 03:15:55.628 [INFO] [BlockScanner] Report created for transaction 0x10c83e7d33f1a5fe870ab8c1249c2d98f982d4fa8b793d14ce4ea67749710c56 with 1 token transfers 
2025-01-13 03:15:55.651 [DEBUG] [BlockScanner] Processing transaction 0xf466648bc54154123867c4aad5b0f5f288f02e0d7e771bb3ba5d50c5d065d28e 
2025-01-13 03:15:55.798 [INFO] [BlockScanner] Report created for transaction 0x1128a57983cf250d1992dc37088f87bcc0dc7e2e29636cbb88b37a8580eb9e74 with 2 token transfers 
2025-01-13 03:15:55.830 [DEBUG] [BlockScanner] Processing transaction 0x1ff911d4ca2e9fde9fda0c758a86f253a8e94fb1354477f986c3cf10583e6d42 
2025-01-13 03:15:55.951 [INFO] [BlockScanner] Report created for transaction 0xb388c8864abe3b87be4d743efd6500f4b1b88300cc4a65545e092f616c1fd482 with 2 token transfers 
2025-01-13 03:15:56.000 [DEBUG] [BlockScanner] Processing transaction 0xbb83633f181eced116a02ea5f7aa7ebb89bc152656b6002f7068c1f2f35d282b 
2025-01-13 03:15:56.153 [DEBUG] [BlockScanner] Processing transaction 0x05a9e80230dc3d65cc0d482725c881611a4256d60cf6603c7ba7ee8b4e9de97b 
2025-01-13 03:15:56.364 [INFO] [BlockScanner] Report created for transaction 0x526d3641aebbd93424d469d63587f8a269491f0c71206595c2c4c13623c6ab57 with 2 token transfers 
2025-01-13 03:15:56.460 [DEBUG] [BlockScanner] Processing transaction 0x7af509f6a938d1ff041632eced89141e5191b2df937bba5d9b0353258c25bad7 
2025-01-13 03:15:56.465 [INFO] [BlockScanner] Report created for transaction 0xf466648bc54154123867c4aad5b0f5f288f02e0d7e771bb3ba5d50c5d065d28e with 6 token transfers 
2025-01-13 03:15:56.566 [DEBUG] [BlockScanner] Processing transaction 0x42370475c8261e3c1d26d67887e8d6614793a2ac54e5f6c077851bb050e9d73c 
2025-01-13 03:15:56.639 [INFO] [BlockScanner] Report created for transaction 0x1ff911d4ca2e9fde9fda0c758a86f253a8e94fb1354477f986c3cf10583e6d42 with 2 token transfers 
2025-01-13 03:15:56.666 [DEBUG] [BlockScanner] Processing transaction 0x1a7ddcca2c722186533d43c4225e748a6bb391607c7c24420fb4e0fdb07ca365 
2025-01-13 03:15:56.826 [INFO] [BlockScanner] Report created for transaction 0x7af509f6a938d1ff041632eced89141e5191b2df937bba5d9b0353258c25bad7 with 1 token transfers 
2025-01-13 03:15:56.839 [DEBUG] [BlockScanner] Processing transaction 0xfeef2ef59c13cec17276a63d91c28ab19bf9b146c886164d34346313141cbb20 
2025-01-13 03:15:56.991 [INFO] [BlockScanner] Report created for transaction 0x05a9e80230dc3d65cc0d482725c881611a4256d60cf6603c7ba7ee8b4e9de97b with 14 token transfers 
2025-01-13 03:15:57.295 [INFO] [BlockScanner] Report created for transaction 0x42370475c8261e3c1d26d67887e8d6614793a2ac54e5f6c077851bb050e9d73c with 2 token transfers 
